int <KW,1>
a <IND,a>
= <OP,12>
3 <INT,3>
; <SE,25>
int <KW,1>
b <IND,b>
= <OP,12>
1 <INT,1>
; <SE,25>
int <KW,1>
c <IND,c>
= <OP,12>
3 <INT,3>
; <SE,25>
int <KW,1>
e <IND,e>
= <OP,12>
0 <INT,0>
, <SE,26>
f <IND,f>
= <OP,12>
10 <INT,10>
; <SE,25>
void <KW,2>
func <IND,func>
( <SE,21>
) <SE,22>
{ <SE,23>
int <KW,1>
a <IND,a>
= <OP,12>
5 <INT,5>
; <SE,25>
int <KW,1>
c <IND,c>
= <OP,12>
2 <INT,2>
; <SE,25>
int <KW,1>
temp1 <IND,temp1>
= <OP,12>
f <IND,f>
+ <OP,7>
e <IND,e>
; <SE,25>
int <KW,1>
temp2 <IND,temp2>
= <OP,12>
f <IND,f>
+ <OP,7>
2 <INT,2>
; <SE,25>
int <KW,1>
temp3 <IND,temp3>
= <OP,12>
c <IND,c>
; <SE,25>
return <KW,3>
a <IND,a>
+ <OP,7>
b <IND,b>
; <SE,25>
} <SE,24>
